Arguments: 
  C:\Program Files\nodejs\node.exe C:\Users\44738\AppData\Roaming\npm\node_modules\yarn\bin\yarn.js run webpack --watch

PATH: 
  C:\Windows\system32;C:\Windows;C:\Windows\System32\Wbem;C:\Windows\System32\WindowsPowerShell\v1.0\;C:\Windows\System32\OpenSSH\;C:\Program Files (x86)\NVIDIA Corporation\PhysX\Common;C:\Program Files\NVIDIA Corporation\NVIDIA NvDLISR;C:\ProgramData\chocolatey\bin;C:\Program Files\dotnet\;C:\Program Files\Microsoft SQL Server\130\Tools\Binn\;C:\Program Files\Microsoft SQL Server\Client SDK\ODBC\170\Tools\Binn\;C:\Program Files\Memurai\;C:\Program Files\Git\cmd;C:\Program Files\nodejs\;C:\Program Files (x86)\Microsoft SQL Server\150\DTS\Binn\;C:\Program Files\Azure Data Studio\bin;C:\Program Files\Microsoft\Web Platform Installer\;C:\ProgramData\nvm;C:\Program Files\nodejs;C:\Program Files (x86)\Microsoft SQL Server\150\Tools\Binn\;C:\Program Files\Microsoft SQL Server\150\Tools\Binn\;C:\Program Files\Microsoft SQL Server\150\DTS\Binn\;C:\Program Files (x86)\GitExtensions\;C:\WINDOWS\system32;C:\WINDOWS;C:\WINDOWS\System32\Wbem;C:\WINDOWS\System32\WindowsPowerShell\v1.0\;C:\WINDOWS\System32\OpenSSH\;C:\Program Files\TortoiseGit\bin;C:\Program Files\Amazon\AWSCLIV2\;C:\Program Files\Docker\Docker\resources\bin;C:\ProgramData\DockerDesktop\version-bin;C:\Users\44738\.windows-build-tools\python27\;C:\Users\44738\AppData\Local\Microsoft\WindowsApps;C:\Users\44738\.dotnet\tools;C:\Users\44738\AppData\Roaming\npm;C:\Users\44738\AppData\Local\Microsoft\WindowsApps;C:\Users\44738\.dotnet\tools;C:\Users\44738\AppData\Local\JetBrains\Toolbox\scripts

Yarn version: 
  1.22.10

Node version: 
  16.8.0

Platform: 
  win32 x64

Trace: 
  SyntaxError: C:\projects\AbstractSyntaxTree\package.json: Unexpected token / in JSON at position 127
      at JSON.parse (<anonymous>)
      at C:\Users\44738\AppData\Roaming\npm\node_modules\yarn\lib\cli.js:1625:59
      at Generator.next (<anonymous>)
      at step (C:\Users\44738\AppData\Roaming\npm\node_modules\yarn\lib\cli.js:310:30)
      at C:\Users\44738\AppData\Roaming\npm\node_modules\yarn\lib\cli.js:321:13

npm manifest: 
  {
    "name": "yourProject",
    "version": "0.1.0",
    "private": true,
    "description": "",
    "scripts": {
      "build": "webpack" // <---- compile ts to a single file
    },
    "devDependencies": {
      "ts-loader": "^8.0.2",
      "typescript": "^3.9.7",
      "webpack": "^4.44.1",
      "webpack-cli": "^3.3.12"
    }
  }

yarn manifest: 
  No manifest

Lockfile: 
  No lockfile
